-------------------------------------------------------------------------------
Test set: io.github.microsphere.spring.test.redis.embedded.EnableEmbeddedRedisServerTest
-------------------------------------------------------------------------------
Tests run: 1, Failures: 0, Errors: 1, Skipped: 0, Time elapsed: 0.148 s <<< FAILURE! - in io.github.microsphere.spring.test.redis.embedded.EnableEmbeddedRedisServerTest
test(io.github.microsphere.spring.test.redis.embedded.EnableEmbeddedRedisServerTest)  Time elapsed: 0 s  <<< ERROR!
java.lang.IllegalStateException: Failed to load ApplicationContext
Caused by: org.springframework.beans.factory.UnsatisfiedDependencyException: Error creating bean with name 'enableEmbeddedRedisServerTest': Unsatisfied dependency expressed through field 'redisServer'; nested exception is org.springframework.beans.factory.BeanCreationException: Error creating bean with name 'redisServer': Invocation of init method failed; nested exception is java.lang.RuntimeException: Can't start redis server. Check logs for details.
Caused by: org.springframework.beans.factory.BeanCreationException: Error creating bean with name 'redisServer': Invocation of init method failed; nested exception is java.lang.RuntimeException: Can't start redis server. Check logs for details.
Caused by: java.lang.RuntimeException: Can't start redis server. Check logs for details.

